LandingPage/PUG/app/build/intermediates/manifest_merge_blame_file/debug/manifest-merger-blame-debug-report.txt
1<?xml version="1.0" encoding="utf-8"?>
2<manifest xmlns:android="http://schemas.android.com/apk/res/android"
3    package="tech.sutd.pickupgame"
4    android:versionCode="1"
5    android:versionName="1.0" >
6
7    <uses-sdk
8        android:minSdkVersion="24"
8-->src\main\AndroidManifest.xml
9        android:targetSdkVersion="30" />
9-->src\main\AndroidManifest.xml
10
11    <uses-permission android:name="android.permission.INTERNET" />
11-->src\main\AndroidManifest.xml:5:5-67
11-->src\main\AndroidManifest.xml:5:22-64
12
13    <!-- Although the *SdkVersion is captured in gradle build files, this is required for non gradle builds -->
14    <!-- <uses-sdk android:minSdkVersion="14"/> -->
15    <uses-permission android:name="android.permission.ACCESS_NETWORK_STATE" />
15-->[com.google.firebase:firebase-database:19.5.1] AndroidManifest.xml:25:5-79
15-->[com.google.firebase:firebase-database:19.5.1] AndroidManifest.xml:25:22-76
16
17    <application
17-->src\main\AndroidManifest.xml:7:5-23:19
18        android:name="tech.sutd.pickupgame.BaseApplication"
18-->src\main\AndroidManifest.xml:8:9-40
19        android:allowBackup="true"
19-->src\main\AndroidManifest.xml:9:9-35
20        android:appComponentFactory="androidx.core.app.CoreComponentFactory"
20-->[androidx.core:core:1.3.1] AndroidManifest.xml:24:18-86
21        android:debuggable="true"
22        android:extractNativeLibs="false"
23        android:icon="@mipmap/ic_launcher"
23-->src\main\AndroidManifest.xml:10:9-43
24        android:label="@string/app_name"
24-->src\main\AndroidManifest.xml:11:9-41
25        android:roundIcon="@mipmap/ic_launcher_round"
25-->src\main\AndroidManifest.xml:12:9-54
26        android:supportsRtl="true"
26-->src\main\AndroidManifest.xml:13:9-35
27        android:testOnly="true"
28        android:theme="@style/AppTheme" >
28-->src\main\AndroidManifest.xml:14:9-40
29        <activity android:name="tech.sutd.pickupgame.ui.main.MainActivity" />
29-->src\main\AndroidManifest.xml:15:9-67
29-->src\main\AndroidManifest.xml:15:19-55
30        <activity android:name="tech.sutd.pickupgame.ui.auth.AuthActivity" >
30-->src\main\AndroidManifest.xml:16:9-22:20
30-->src\main\AndroidManifest.xml:16:19-55
31            <intent-filter>
31-->src\main\AndroidManifest.xml:17:13-21:29
32                <action android:name="android.intent.action.MAIN" />
32-->src\main\AndroidManifest.xml:18:17-69
32-->src\main\AndroidManifest.xml:18:25-66
33
34                <category android:name="android.intent.category.LAUNCHER" />
34-->src\main\AndroidManifest.xml:20:17-77
34-->src\main\AndroidManifest.xml:20:27-74
35            </intent-filter>
36        </activity>
37
38        <service
38-->[com.google.firebase:firebase-database:19.5.1] AndroidManifest.xml:29:9-35:19
39            android:name="com.google.firebase.components.ComponentDiscoveryService"
39-->[com.google.firebase:firebase-database:19.5.1] AndroidManifest.xml:30:13-84
40            android:directBootAware="true"
40-->[com.google.firebase:firebase-common:19.3.1] AndroidManifest.xml:35:13-43
41            android:exported="false" >
41-->[com.google.firebase:firebase-database:19.5.1] AndroidManifest.xml:31:13-37
42            <meta-data
42-->[com.google.firebase:firebase-database:19.5.1] AndroidManifest.xml:32:13-34:85
43                android:name="com.google.firebase.components:com.google.firebase.database.DatabaseRegistrar"
43-->[com.google.firebase:firebase-database:19.5.1] AndroidManifest.xml:33:17-109
44                android:value="com.google.firebase.components.ComponentRegistrar" />
44-->[com.google.firebase:firebase-database:19.5.1] AndroidManifest.xml:34:17-82
45            <meta-data
45-->[com.google.firebase:firebase-auth:19.4.0] AndroidManifest.xml:36:13-38:85
46                android:name="com.google.firebase.components:com.google.firebase.auth.FirebaseAuthRegistrar"
46-->[com.google.firebase:firebase-auth:19.4.0] AndroidManifest.xml:37:17-109
47                android:value="com.google.firebase.components.ComponentRegistrar" />
47-->[com.google.firebase:firebase-auth:19.4.0] AndroidManifest.xml:38:17-82
48        </service>
49
50        <activity
50-->[com.google.firebase:firebase-auth:19.4.0] AndroidManifest.xml:24:9-31:50
51            android:name="com.google.firebase.auth.internal.FederatedSignInActivity"
51-->[com.google.firebase:firebase-auth:19.4.0] AndroidManifest.xml:25:13-85
52            android:excludeFromRecents="true"
52-->[com.google.firebase:firebase-auth:19.4.0] AndroidManifest.xml:26:13-46
53            android:exported="true"
53-->[com.google.firebase:firebase-auth:19.4.0] AndroidManifest.xml:27:13-36
54            android:launchMode="singleTask"
54-->[com.google.firebase:firebase-auth:19.4.0] AndroidManifest.xml:28:13-44
55            android:permission="com.google.firebase.auth.api.gms.permission.LAUNCH_FEDERATED_SIGN_IN"
55-->[com.google.firebase:firebase-auth:19.4.0] AndroidManifest.xml:29:13-102
56            android:theme="@android:style/Theme.Translucent.NoTitleBar" />
56-->[com.google.firebase:firebase-auth:19.4.0] AndroidManifest.xml:30:13-72
57
58        <provider
58-->[com.google.firebase:firebase-common:19.3.1] AndroidManifest.xml:26:9-31:39
59            android:name="com.google.firebase.provider.FirebaseInitProvider"
59-->[com.google.firebase:firebase-common:19.3.1] AndroidManifest.xml:27:13-77
60            android:authorities="tech.sutd.pickupgame.firebaseinitprovider"
60-->[com.google.firebase:firebase-common:19.3.1] AndroidManifest.xml:28:13-72
61            android:directBootAware="true"
61-->[com.google.firebase:firebase-common:19.3.1] AndroidManifest.xml:29:13-43
62            android:exported="false"
62-->[com.google.firebase:firebase-common:19.3.1] AndroidManifest.xml:30:13-37
63            android:initOrder="100" />
63-->[com.google.firebase:firebase-common:19.3.1] AndroidManifest.xml:31:13-36
64
65        <activity
65-->[com.google.android.gms:play-services-base:17.1.0] AndroidManifest.xml:23:9-26:75
66            android:name="com.google.android.gms.common.api.GoogleApiActivity"
66-->[com.google.android.gms:play-services-base:17.1.0] AndroidManifest.xml:24:13-79
67            android:exported="false"
67-->[com.google.android.gms:play-services-base:17.1.0] AndroidManifest.xml:25:13-37
68            android:theme="@android:style/Theme.Translucent.NoTitleBar" />
68-->[com.google.android.gms:play-services-base:17.1.0] AndroidManifest.xml:26:13-72
69
70        <meta-data
70-->[com.google.android.gms:play-services-basement:17.0.0] AndroidManifest.xml:23:9-25:69
71            android:name="com.google.android.gms.version"
71-->[com.google.android.gms:play-services-basement:17.0.0] AndroidManifest.xml:24:13-58
72            android:value="@integer/google_play_services_version" />
72-->[com.google.android.gms:play-services-basement:17.0.0] AndroidManifest.xml:25:13-66
73
74        <service
74-->[androidx.room:room-runtime:2.2.5] AndroidManifest.xml:25:9-28:40
75            android:name="androidx.room.MultiInstanceInvalidationService"
75-->[androidx.room:room-runtime:2.2.5] AndroidManifest.xml:26:13-74
76            android:directBootAware="true"
76-->[androidx.room:room-runtime:2.2.5] AndroidManifest.xml:27:13-43
77            android:exported="false" />
77-->[androidx.room:room-runtime:2.2.5] AndroidManifest.xml:28:13-37
78    </application>
79
80</manifest>